2018-09-25 199
2018-09-25 94
2018-09-25 91
2018-09-25 51
2018-09-25 129
2018-09-25 28
2018-09-25 81
2018-09-25 19
2018-09-25 147
2018-09-25 121
2018-09-25 101
2018-09-25 58
2018-09-25 95
2018-09-25 97
2018-09-25 83
2018-09-25 140
2018-09-25 17
2018-09-25 57
2018-09-25 78
2018-09-25 126
2018-09-25 67
2018-09-25 114
2018-09-25 194
2018-09-25 30
2018-09-25 62
2018-09-25 58
2018-09-25 174
2018-09-25 92
2018-09-25 137
2018-09-25 14
2018-09-25 3
2018-09-25 136
2018-09-25 155
2018-09-25 184
2018-09-25 71
2018-09-25 112
2018-09-25 38
2018-09-25 10
2018-09-25 104
2018-09-25 70
2018-09-25 152
2018-09-25 110
2018-09-25 198
2018-09-25 183
2018-09-25 162
2018-09-25 57
2018-09-25 93
2018-09-25 22
2018-09-25 159
2018-09-25 117
2018-09-25 147
2018-09-25 170
2018-09-25 187
2018-09-25 74
2018-09-25 3
2018-09-25 2
2018-09-25 97
2018-09-25 153
2018-09-25 17
2018-09-25 64
2018-09-25 120
2018-09-25 27
2018-09-25 47
2018-09-25 167
2018-09-25 104
2018-09-25 175
2018-09-25 3
2018-09-25 74
2018-09-25 92
2018-09-25 79
2018-09-25 52
2018-09-25 63
2018-09-25 16
2018-09-25 126
2018-09-25 109
2018-09-25 2
2018-09-25 98
2018-09-25 46
2018-09-25 114
2018-09-25 49
2018-09-25 14
2018-09-25 119
2018-09-25 33
2018-09-25 22
2018-09-25 90
2018-09-25 136
2018-09-25 58
2018-09-25 69
2018-09-25 177
2018-09-25 113
2018-09-25 124
2018-09-25 44
2018-09-25 84
2018-09-25 16
2018-09-25 49
2018-09-25 139
2018-09-25 32
2018-09-25 80
2018-09-25 89
2018-09-25 99
2018-09-25 106
2018-09-25 123
2018-09-25 179
2018-09-25 33
2018-09-25 7
2018-09-25 145
2018-09-25 90
2018-09-25 9
2018-09-25 106
2018-09-25 55
2018-09-25 88
2018-09-25 11
2018-09-25 158
2018-09-25 23
2018-09-25 181
2018-09-25 75
2018-09-25 22
2018-09-25 53
2018-09-25 139
2018-09-25 121
2018-09-25 35
2018-09-25 15
2018-09-25 123
2018-09-25 182
2018-09-25 20
2018-09-25 30
2018-09-25 120
2018-09-25 57
2018-09-25 73
2018-09-25 33
2018-09-25 188
2018-09-25 150
2018-09-25 73
2018-09-25 78
2018-09-25 29
2018-09-25 122
2018-09-25 10
2018-09-25 106
2018-09-25 197
2018-09-25 66
2018-09-25 183
2018-09-25 131
2018-09-25 22
2018-09-25 176
2018-09-25 83
2018-09-25 100
2018-09-25 165
2018-09-25 90
2018-09-25 192
2018-09-25 178
2018-09-25 20
2018-09-25 162
2018-09-25 110
2018-09-25 53
2018-09-25 188
2018-09-25 49
2018-09-25 118
2018-09-25 161
2018-09-25 179
2018-09-25 50
2018-09-25 154
2018-09-25 68
2018-09-25 160
2018-09-25 103
2018-09-25 111
2018-09-25 146
2018-09-25 6
2018-09-25 113
2018-09-25 163
2018-09-25 2
2018-09-25 192
2018-09-25 62
2018-09-25 17
2018-09-25 69
2018-09-25 119
2018-09-25 183
2018-09-25 13
2018-09-25 101
2018-09-25 64
2018-09-25 77
2018-09-25 181
2018-09-25 54
2018-09-25 192
2018-09-25 28
2018-09-25 198
2018-09-25 177
2018-09-25 116
2018-09-25 44
2018-09-25 79
2018-09-25 195
2018-09-25 4
2018-09-25 145
2018-09-25 45
2018-09-25 131
2018-09-25 111
2018-09-25 63
2018-09-25 68
2018-09-25 53
2018-09-25 28
2018-09-25 63
2018-09-25 109
2018-09-25 27
2018-09-25 36
2018-09-25 181
2018-09-25 76
2018-09-25 177
2018-09-25 123
2018-09-25 137
2018-09-25 86
2018-09-25 154
2018-09-25 75
2018-09-25 19
2018-09-25 122
2018-09-25 20
2018-09-25 194
2018-09-25 58
2018-09-25 181
2018-09-25 96
2018-09-25 189
2018-09-25 150
2018-09-25 195
2018-09-25 124
2018-09-26 150
2018-09-26 37
2018-09-26 36
2018-09-26 159
2018-09-26 52
2018-09-26 23
2018-09-26 75
2018-09-26 74
2018-09-26 25
2018-09-26 64
2018-09-26 110
2018-09-26 172
2018-09-26 34
2018-09-26 49
2018-09-26 78
2018-09-26 124
2018-09-26 126
2018-09-26 65
2018-09-26 134
2018-09-26 36
2018-09-26 50
2018-09-26 65
2018-09-26 117
2018-09-26 114
2018-09-26 55
2018-09-26 80
2018-09-26 151
2018-09-26 85
2018-09-26 180
2018-09-26 163
2018-09-26 94
2018-09-26 97
2018-09-26 179
2018-09-26 115
2018-09-26 24
2018-09-26 100
2018-09-26 57
2018-09-26 134
2018-09-26 186
2018-09-26 175
2018-09-26 92
2018-09-26 194
2018-09-26 76
2018-09-26 61
2018-09-26 3
2018-09-26 180
2018-09-26 140
2018-09-26 82
2018-09-26 151
2018-09-26 161
2018-09-26 138
2018-09-26 178
2018-09-26 99
2018-09-26 86
2018-09-26 54
2018-09-26 13
2018-09-26 187
2018-09-26 61
2018-09-26 140
2018-09-26 12
2018-09-26 185
2018-09-26 19
2018-09-26 130
2018-09-26 12
2018-09-26 54
2018-09-26 141
2018-09-26 191
2018-09-26 139
2018-09-26 9
2018-09-26 14
2018-09-26 176
2018-09-26 56
2018-09-26 60
2018-09-26 146
2018-09-26 32
2018-09-26 155
2018-09-26 156
2018-09-26 143
2018-09-26 150
2018-09-26 18
2018-09-26 105
2018-09-26 128
2018-09-26 81
2018-09-26 112
2018-09-26 147
2018-09-26 115
2018-09-26 90
2018-09-26 140
2018-09-26 124
2018-09-26 57
2018-09-26 173
2018-09-26 152
2018-09-26 48
2018-09-26 168
2018-09-26 63
2018-09-26 65
2018-09-26 118
2018-09-26 187
2018-09-26 143
67
156
Wed 26 Sep 2018 12:26:45 PM PDT 74
Wed 26 Sep 2018 12:28:01 PM PDT 181
Wed 26 Sep 2018 12:30:01 PM PDT 160
Wed 26 Sep 2018 12:32:01 PM PDT 164
Wed 26 Sep 2018 12:34:01 PM PDT 98
Wed 26 Sep 2018 12:36:01 PM PDT 148
Wed 26 Sep 2018 12:38:01 PM PDT 181
Wed 26 Sep 2018 12:40:01 PM PDT 91
Wed 26 Sep 2018 12:42:01 PM PDT 28
Wed 26 Sep 2018 12:44:01 PM PDT 58
Wed 26 Sep 2018 12:46:01 PM PDT 145
Wed 26 Sep 2018 12:48:01 PM PDT 1
Wed 26 Sep 2018 12:50:01 PM PDT 3
Wed 26 Sep 2018 12:52:01 PM PDT 77
Wed 26 Sep 2018 12:54:01 PM PDT 7
Wed 26 Sep 2018 12:56:01 PM PDT 150
Wed 26 Sep 2018 12:58:01 PM PDT 164
Wed 26 Sep 2018 01:00:01 PM PDT 91
Wed 26 Sep 2018 01:02:02 PM PDT 92
Wed 26 Sep 2018 01:04:01 PM PDT 133
Wed 26 Sep 2018 01:06:02 PM PDT 185
Wed 26 Sep 2018 01:08:02 PM PDT 82
Wed 26 Sep 2018 01:10:02 PM PDT 200
Wed 26 Sep 2018 01:12:01 PM PDT 138
Wed 26 Sep 2018 01:14:01 PM PDT 17
Wed 26 Sep 2018 01:16:01 PM PDT 26
Wed 26 Sep 2018 01:18:01 PM PDT 87
Wed 26 Sep 2018 01:20:01 PM PDT 25
Wed 26 Sep 2018 01:22:01 PM PDT 124
Wed 26 Sep 2018 01:24:01 PM PDT 169
Wed 26 Sep 2018 01:26:01 PM PDT 46
Wed 26 Sep 2018 01:28:01 PM PDT 149
Wed 26 Sep 2018 01:30:01 PM PDT 89
Wed 26 Sep 2018 01:32:01 PM PDT 104
Wed 26 Sep 2018 01:34:01 PM PDT 41
Wed 26 Sep 2018 01:36:01 PM PDT 156
Wed 26 Sep 2018 01:38:01 PM PDT 23
Wed 26 Sep 2018 01:40:01 PM PDT 148
Wed 26 Sep 2018 01:42:01 PM PDT 157
Wed 26 Sep 2018 01:44:01 PM PDT 129
Wed 26 Sep 2018 01:46:01 PM PDT 179
Wed 26 Sep 2018 01:48:01 PM PDT 162
Wed 26 Sep 2018 01:50:01 PM PDT 36
Wed 26 Sep 2018 01:52:01 PM PDT 19
Wed 26 Sep 2018 01:54:01 PM PDT 62
Wed 26 Sep 2018 01:56:01 PM PDT 116
Wed 26 Sep 2018 01:58:01 PM PDT 189
Wed 26 Sep 2018 02:00:01 PM PDT 21
Wed 26 Sep 2018 02:02:01 PM PDT 117
Wed 26 Sep 2018 02:04:01 PM PDT 186
Wed 26 Sep 2018 02:06:01 PM PDT 178
Wed 26 Sep 2018 02:08:01 PM PDT 117
Wed 26 Sep 2018 02:10:01 PM PDT 29
Wed 26 Sep 2018 02:12:02 PM PDT 51
Wed 26 Sep 2018 02:14:01 PM PDT 35
Wed 26 Sep 2018 02:16:01 PM PDT 39
Wed 26 Sep 2018 02:18:01 PM PDT 138
Wed 26 Sep 2018 02:20:01 PM PDT 126
Wed 26 Sep 2018 02:22:01 PM PDT 46
Wed 26 Sep 2018 02:24:01 PM PDT 171
Wed 26 Sep 2018 02:26:01 PM PDT 96
Wed 26 Sep 2018 02:28:01 PM PDT 169
Wed 26 Sep 2018 02:30:01 PM PDT 8
Wed 26 Sep 2018 02:32:01 PM PDT 91
Wed 26 Sep 2018 02:34:01 PM PDT 61
Wed 26 Sep 2018 02:36:01 PM PDT 167
Wed 26 Sep 2018 02:38:01 PM PDT 54
Wed 26 Sep 2018 02:40:01 PM PDT 180
Wed 26 Sep 2018 02:42:01 PM PDT 60
Wed 26 Sep 2018 02:44:01 PM PDT 197
Wed 26 Sep 2018 02:46:01 PM PDT 66
Wed 26 Sep 2018 02:48:01 PM PDT 152
Wed 26 Sep 2018 02:50:01 PM PDT 85
Wed 26 Sep 2018 02:52:01 PM PDT 99
Wed 26 Sep 2018 02:54:01 PM PDT 55
Wed 26 Sep 2018 02:56:01 PM PDT 71
Wed 26 Sep 2018 02:58:01 PM PDT 26
Wed 26 Sep 2018 03:00:01 PM PDT 23
Wed 26 Sep 2018 03:02:01 PM PDT 158
Wed 26 Sep 2018 03:04:01 PM PDT 87
Wed 26 Sep 2018 03:06:01 PM PDT 53
Wed 26 Sep 2018 03:08:01 PM PDT 128
Wed 26 Sep 2018 03:10:01 PM PDT 59
Wed 26 Sep 2018 03:12:01 PM PDT 174
Wed 26 Sep 2018 03:14:01 PM PDT 132
Wed 26 Sep 2018 03:16:01 PM PDT 27
Wed 26 Sep 2018 03:18:01 PM PDT 78
Wed 26 Sep 2018 03:20:01 PM PDT 185
Wed 26 Sep 2018 03:22:01 PM PDT 88
Wed 26 Sep 2018 03:24:01 PM PDT 172
Wed 26 Sep 2018 03:26:01 PM PDT 104
Wed 26 Sep 2018 03:28:01 PM PDT 40
Wed 26 Sep 2018 03:30:01 PM PDT 19
Wed 26 Sep 2018 03:32:01 PM PDT 196
Wed 26 Sep 2018 03:34:01 PM PDT 89
Wed 26 Sep 2018 03:36:01 PM PDT 102
Wed 26 Sep 2018 03:38:01 PM PDT 52
Wed 26 Sep 2018 03:40:01 PM PDT 52
Wed 26 Sep 2018 03:42:01 PM PDT 9
Wed 26 Sep 2018 03:44:01 PM PDT 59
Wed 26 Sep 2018 03:46:01 PM PDT 38
Wed 26 Sep 2018 03:48:01 PM PDT 200
Wed 26 Sep 2018 03:50:01 PM PDT 156
Wed 26 Sep 2018 03:52:01 PM PDT 171
Wed 26 Sep 2018 03:54:01 PM PDT 25
Wed 26 Sep 2018 03:56:01 PM PDT 177
Fri 28 Sep 2018 11:00:01 AM PDT 176
Fri 28 Sep 2018 11:02:01 AM PDT 114
Fri 28 Sep 2018 11:04:01 AM PDT 198
Fri 28 Sep 2018 11:06:01 AM PDT 42
Fri 28 Sep 2018 11:08:01 AM PDT 22
Fri 28 Sep 2018 11:10:01 AM PDT 137
Fri 28 Sep 2018 11:12:01 AM PDT 80
Fri 28 Sep 2018 11:14:01 AM PDT 131
Fri 28 Sep 2018 11:16:01 AM PDT 15
Fri 28 Sep 2018 11:18:01 AM PDT 187
Fri 28 Sep 2018 11:20:01 AM PDT 61
Fri 28 Sep 2018 11:22:01 AM PDT 170
Fri 28 Sep 2018 11:24:01 AM PDT 83
Fri 28 Sep 2018 11:26:01 AM PDT 141
Fri 28 Sep 2018 11:28:01 AM PDT 88
Fri 28 Sep 2018 11:30:01 AM PDT 76
Fri 28 Sep 2018 11:32:01 AM PDT 25
Fri 28 Sep 2018 11:34:01 AM PDT 83
Fri 28 Sep 2018 11:36:01 AM PDT 17
Fri 28 Sep 2018 11:38:01 AM PDT 99
Fri 28 Sep 2018 11:40:01 AM PDT 94
Fri 28 Sep 2018 11:42:01 AM PDT 88
Fri 28 Sep 2018 11:44:01 AM PDT 183
Fri 28 Sep 2018 11:46:01 AM PDT 55
Fri 28 Sep 2018 11:48:01 AM PDT 178
Fri 28 Sep 2018 11:50:01 AM PDT 121
Fri 28 Sep 2018 11:52:01 AM PDT 86
Fri 28 Sep 2018 11:54:01 AM PDT 53
Fri 28 Sep 2018 11:56:01 AM PDT 87
Fri 28 Sep 2018 11:58:01 AM PDT 173
Fri 28 Sep 2018 12:00:01 PM PDT 80
Fri 28 Sep 2018 12:02:01 PM PDT 7
Fri 28 Sep 2018 12:04:01 PM PDT 151
Fri 28 Sep 2018 12:06:01 PM PDT 65
Fri 28 Sep 2018 12:08:01 PM PDT 140
Fri 28 Sep 2018 12:10:01 PM PDT 159
Fri 28 Sep 2018 12:12:02 PM PDT 191
Fri 28 Sep 2018 12:14:01 PM PDT 40
Fri 28 Sep 2018 12:16:01 PM PDT 148
Fri 28 Sep 2018 12:18:01 PM PDT 11
Fri 28 Sep 2018 12:20:01 PM PDT 109
Fri 28 Sep 2018 12:22:01 PM PDT 11
Fri 28 Sep 2018 12:24:01 PM PDT 25
Fri 28 Sep 2018 12:26:01 PM PDT 40
Fri 28 Sep 2018 12:28:01 PM PDT 25
Fri 28 Sep 2018 12:30:01 PM PDT 88
Fri 28 Sep 2018 12:32:01 PM PDT 77
Fri 28 Sep 2018 12:34:01 PM PDT 12
Fri 28 Sep 2018 12:36:01 PM PDT 83
Fri 28 Sep 2018 12:38:01 PM PDT 12
Fri 28 Sep 2018 12:40:01 PM PDT 167
Fri 28 Sep 2018 12:42:02 PM PDT 1
Fri 28 Sep 2018 12:44:01 PM PDT 181
Fri 28 Sep 2018 12:46:01 PM PDT 144
Fri 28 Sep 2018 12:48:01 PM PDT 166
Fri 28 Sep 2018 12:50:01 PM PDT 195
Fri 28 Sep 2018 12:52:01 PM PDT 95
Fri 28 Sep 2018 12:54:01 PM PDT 152
Fri 28 Sep 2018 12:56:01 PM PDT 56
Fri 28 Sep 2018 12:58:01 PM PDT 21
Fri 28 Sep 2018 01:00:01 PM PDT 8
Fri 28 Sep 2018 01:02:01 PM PDT 68
Fri 28 Sep 2018 01:04:01 PM PDT 115
Fri 28 Sep 2018 01:06:01 PM PDT 188
Fri 28 Sep 2018 01:08:01 PM PDT 35
Fri 28 Sep 2018 01:10:01 PM PDT 170
Fri 28 Sep 2018 01:12:01 PM PDT 58
Fri 28 Sep 2018 01:14:01 PM PDT 167
Fri 28 Sep 2018 01:16:01 PM PDT 56
Fri 28 Sep 2018 01:18:01 PM PDT 108
Fri 28 Sep 2018 01:20:02 PM PDT 189
Fri 28 Sep 2018 01:22:01 PM PDT 162
Fri 28 Sep 2018 01:24:01 PM PDT 126
Fri 28 Sep 2018 01:26:01 PM PDT 40
Fri 28 Sep 2018 01:28:01 PM PDT 117
Fri 28 Sep 2018 01:30:01 PM PDT 28
Fri 28 Sep 2018 01:32:01 PM PDT 153
Fri 28 Sep 2018 01:34:01 PM PDT 24
Fri 28 Sep 2018 01:36:01 PM PDT 148
Fri 28 Sep 2018 01:38:01 PM PDT 1
Fri 28 Sep 2018 01:40:01 PM PDT 177
Fri 28 Sep 2018 01:42:01 PM PDT 122
Fri 28 Sep 2018 01:44:01 PM PDT 121
Fri 28 Sep 2018 01:46:01 PM PDT 99
Fri 28 Sep 2018 01:48:01 PM PDT 76
Fri 28 Sep 2018 01:50:01 PM PDT 75
Fri 28 Sep 2018 01:52:01 PM PDT 172
Fri 28 Sep 2018 01:54:01 PM PDT 178
Fri 28 Sep 2018 01:56:01 PM PDT 75
Fri 28 Sep 2018 01:58:01 PM PDT 128
Fri 28 Sep 2018 02:00:02 PM PDT 174
Fri 28 Sep 2018 02:02:01 PM PDT 161
Fri 28 Sep 2018 02:04:01 PM PDT 80
Fri 28 Sep 2018 02:06:01 PM PDT 1
Fri 28 Sep 2018 02:08:01 PM PDT 168
Fri 28 Sep 2018 02:10:01 PM PDT 138
Fri 28 Sep 2018 02:12:01 PM PDT 154
Fri 28 Sep 2018 02:14:01 PM PDT 17
Fri 28 Sep 2018 02:16:01 PM PDT 39
Fri 28 Sep 2018 02:18:01 PM PDT 176
Fri 28 Sep 2018 02:20:01 PM PDT 126
Fri 28 Sep 2018 02:22:01 PM PDT 20
Fri 28 Sep 2018 02:24:01 PM PDT 2
Fri 28 Sep 2018 02:26:02 PM PDT 145
Fri 28 Sep 2018 02:28:02 PM PDT 124
Fri 28 Sep 2018 02:30:01 PM PDT 71
Fri 28 Sep 2018 02:32:01 PM PDT 183
Fri 28 Sep 2018 02:34:01 PM PDT 187
Fri 28 Sep 2018 02:36:01 PM PDT 77
Fri 28 Sep 2018 02:38:01 PM PDT 74
Fri 28 Sep 2018 02:40:01 PM PDT 140
Fri 28 Sep 2018 02:42:01 PM PDT 165
Fri 28 Sep 2018 02:44:01 PM PDT 147
Fri 28 Sep 2018 02:46:01 PM PDT 190
Fri 28 Sep 2018 02:48:01 PM PDT 155
Fri 28 Sep 2018 02:50:01 PM PDT 187
Fri 28 Sep 2018 02:52:01 PM PDT 200
Fri 28 Sep 2018 02:54:01 PM PDT 64
Fri 28 Sep 2018 02:56:01 PM PDT 57
Fri 28 Sep 2018 02:58:01 PM PDT 63
Fri 28 Sep 2018 03:00:01 PM PDT 34
Fri 28 Sep 2018 03:02:01 PM PDT 77
Fri 28 Sep 2018 03:04:01 PM PDT 78
Fri 28 Sep 2018 03:06:01 PM PDT 100
Fri 28 Sep 2018 03:08:01 PM PDT 159
Fri 28 Sep 2018 03:10:01 PM PDT 130
Fri 28 Sep 2018 03:12:01 PM PDT 111
Fri 28 Sep 2018 03:14:01 PM PDT 197
Fri 28 Sep 2018 03:16:01 PM PDT 158
Fri 28 Sep 2018 03:18:01 PM PDT 59
Fri 28 Sep 2018 03:20:01 PM PDT 103
Fri 28 Sep 2018 03:22:01 PM PDT 138
Fri 28 Sep 2018 03:24:01 PM PDT 160
Fri 28 Sep 2018 03:26:01 PM PDT 70
Fri 28 Sep 2018 03:28:01 PM PDT 141
Fri 28 Sep 2018 03:30:02 PM PDT 100
Fri 28 Sep 2018 03:32:01 PM PDT 107
Fri 28 Sep 2018 03:34:01 PM PDT 94
Fri 28 Sep 2018 03:36:01 PM PDT 187
Fri 28 Sep 2018 03:38:01 PM PDT 90
Fri 28 Sep 2018 03:40:02 PM PDT 34
Fri 28 Sep 2018 03:42:01 PM PDT 43
Fri 28 Sep 2018 03:44:01 PM PDT 97
Fri 28 Sep 2018 03:46:01 PM PDT 197
Fri 28 Sep 2018 03:48:01 PM PDT 35
Fri 28 Sep 2018 03:50:01 PM PDT 28
Fri 28 Sep 2018 03:52:01 PM PDT 7
Fri 28 Sep 2018 03:54:01 PM PDT 137
Fri 28 Sep 2018 03:56:01 PM PDT 166
Fri 28 Sep 2018 03:58:01 PM PDT 108
Fri 28 Sep 2018 04:00:01 PM PDT 15
Fri 28 Sep 2018 04:02:01 PM PDT 91
Fri 28 Sep 2018 04:04:01 PM PDT 149
Fri 28 Sep 2018 04:06:01 PM PDT 181
Fri 28 Sep 2018 04:08:01 PM PDT 152
Fri 28 Sep 2018 04:10:01 PM PDT 71
Fri 28 Sep 2018 04:12:01 PM PDT 94
Fri 28 Sep 2018 04:14:01 PM PDT 31
Fri 28 Sep 2018 04:16:01 PM PDT 114
Fri 28 Sep 2018 04:18:01 PM PDT 150
Fri 28 Sep 2018 04:20:01 PM PDT 19
Fri 28 Sep 2018 04:22:01 PM PDT 185
Fri 28 Sep 2018 04:24:01 PM PDT 87
Sat 29 Sep 2018 01:50:02 PM PDT 157
Sat 29 Sep 2018 01:52:01 PM PDT 189
Sat 29 Sep 2018 01:54:01 PM PDT 169
Mon 01 Oct 2018 01:20:01 PM PDT 114
Mon 01 Oct 2018 01:22:01 PM PDT 151
Mon 01 Oct 2018 01:24:01 PM PDT 194
Mon 01 Oct 2018 01:26:01 PM PDT 9
